  GridProcess.cpp
Transporte\Grid\GridProcess.cpp(100): warning C4244: 'initializing': conversion from 'double' to 'int', possible loss of data
Transporte\Grid\GridProcess.cpp(101): warning C4244: 'initializing': conversion from 'double' to 'int', possible loss of data
Transporte\Grid\GridProcess.cpp(134): warning C4244: 'initializing': conversion from 'double' to 'int', possible loss of data
Transporte\Grid\GridProcess.cpp(135): warning C4244: 'initializing': conversion from 'double' to 'int', possible loss of data
Transporte\Grid\GridProcess.cpp(198): warning C4244: 'initializing': conversion from 'double' to 'int', possible loss of data
Transporte\Grid\GridProcess.cpp(199): warning C4244: 'initializing': conversion from 'double' to 'int', possible loss of data
Transporte\Grid\GridProcess.cpp(201): warning C4244: 'initializing': conversion from 'double' to 'int', possible loss of data
Transporte\Grid\GridProcess.cpp(202): warning C4244: 'initializing': conversion from 'double' to 'int', possible loss of data
Transporte\Grid\GridProcess.cpp(215): warning C4244: 'argument': conversion from 'int' to 'float', possible loss of data
Transporte\Grid\GridProcess.cpp(215): warning C4244: 'initializing': conversion from 'float' to 'int', possible loss of data
Transporte\Grid\GridProcess.cpp(216): warning C4244: 'argument': conversion from 'int' to 'float', possible loss of data
Transporte\Grid\GridProcess.cpp(216): warning C4244: 'initializing': conversion from 'float' to 'int', possible loss of data
Transporte\Grid\GridProcess.cpp(217): warning C4244: 'argument': conversion from 'int' to 'float', possible loss of data
Transporte\Grid\GridProcess.cpp(217): warning C4244: 'initializing': conversion from 'float' to 'int', possible loss of data
Transporte\Grid\GridProcess.cpp(218): warning C4244: 'argument': conversion from 'int' to 'float', possible loss of data
Transporte\Grid\GridProcess.cpp(218): warning C4244: 'initializing': conversion from 'float' to 'int', possible loss of data
Transporte\Grid\GridProcess.cpp(300): warning C4244: 'initializing': conversion from 'double' to 'int', possible loss of data
Transporte\Grid\GridProcess.cpp(301): warning C4244: 'initializing': conversion from 'double' to 'int', possible loss of data
  Generating code
  27 of 3847 functions ( 0.7%) were compiled, the rest were copied from previous compilation.
    0 functions were new in current compilation
    17 functions had inline decision re-evaluated but remain unchanged
  Finished generating code
  procesaGTFS.vcxproj -> C:\workspace\tranSapp\GTFSProcessing\procesaGTFS\x64\Release\procesaGTFS.exe
