c:\workspace\pragxis\transapp\gtfsprocessing\procesagtfs\procesagtfs\x64\release\vc140.pdb
c:\workspace\pragxis\transapp\gtfsprocessing\procesagtfs\procesagtfs\x64\release\cell.obj
c:\workspace\pragxis\transapp\gtfsprocessing\procesagtfs\procesagtfs\x64\release\diccionarioservicios.obj
c:\workspace\pragxis\transapp\gtfsprocessing\procesagtfs\procesagtfs\x64\release\puntobip.obj
c:\workspace\pragxis\transapp\gtfsprocessing\procesagtfs\procesagtfs\x64\release\procesagtfs.obj
c:\workspace\pragxis\transapp\gtfsprocessing\procesagtfs\procesagtfs\x64\release\visualizaciones.obj
c:\workspace\pragxis\transapp\gtfsprocessing\procesagtfs\procesagtfs\x64\release\creakml.obj
c:\workspace\pragxis\transapp\gtfsprocessing\procesagtfs\procesagtfs\x64\release\colorscale.obj
c:\workspace\pragxis\transapp\gtfsprocessing\procesagtfs\procesagtfs\x64\release\tablaserviciosporparadaparaandriod.obj
c:\workspace\pragxis\transapp\gtfsprocessing\procesagtfs\procesagtfs\x64\release\tablaserviciosporparada.obj
c:\workspace\pragxis\transapp\gtfsprocessing\procesagtfs\procesagtfs\x64\release\tablaserviciosparaandroid.obj
c:\workspace\pragxis\transapp\gtfsprocessing\procesagtfs\procesagtfs\x64\release\tablaservicios.obj
c:\workspace\pragxis\transapp\gtfsprocessing\procesagtfs\procesagtfs\x64\release\tablarutastramadas.obj
c:\workspace\pragxis\transapp\gtfsprocessing\procesagtfs\procesagtfs\x64\release\tablarutassimplificadas.obj
c:\workspace\pragxis\transapp\gtfsprocessing\procesagtfs\procesagtfs\x64\release\tablaparadas.obj
c:\workspace\pragxis\transapp\gtfsprocessing\procesagtfs\procesagtfs\x64\release\tablagrilla.obj
c:\workspace\pragxis\transapp\gtfsprocessing\procesagtfs\procesagtfs\x64\release\tabladistanciaenrutaparadas.obj
c:\workspace\pragxis\transapp\gtfsprocessing\procesagtfs\procesagtfs\x64\release\reporteglobal.obj
c:\workspace\pragxis\transapp\gtfsprocessing\procesagtfs\procesagtfs\x64\release\reportefuentedatos.obj
c:\workspace\pragxis\transapp\gtfsprocessing\procesagtfs\procesagtfs\x64\release\parametros.obj
c:\workspace\pragxis\transapp\gtfsprocessing\procesagtfs\procesagtfs\x64\release\fuentedatos.obj
c:\workspace\pragxis\transapp\gtfsprocessing\procesagtfs\procesagtfs\x64\release\timestamphandler.obj
c:\workspace\pragxis\transapp\gtfsprocessing\procesagtfs\procesagtfs\x64\release\stringfunctions.obj
c:\workspace\pragxis\transapp\gtfsprocessing\procesagtfs\procesagtfs\x64\release\scatter.obj
c:\workspace\pragxis\transapp\gtfsprocessing\procesagtfs\procesagtfs\x64\release\histogram.obj
c:\workspace\pragxis\transapp\gtfsprocessing\procesagtfs\procesagtfs\x64\release\geometry2.obj
c:\workspace\pragxis\transapp\gtfsprocessing\procesagtfs\procesagtfs\x64\release\cronometro.obj
c:\workspace\pragxis\transapp\gtfsprocessing\procesagtfs\procesagtfs\x64\release\convertcoordinate.obj
c:\workspace\pragxis\transapp\gtfsprocessing\procesagtfs\procesagtfs\x64\release\servicio.obj
c:\workspace\pragxis\transapp\gtfsprocessing\procesagtfs\procesagtfs\x64\release\rutas.obj
c:\workspace\pragxis\transapp\gtfsprocessing\procesagtfs\procesagtfs\x64\release\ruta.obj
c:\workspace\pragxis\transapp\gtfsprocessing\procesagtfs\procesagtfs\x64\release\procesarutas.obj
c:\workspace\pragxis\transapp\gtfsprocessing\procesagtfs\procesagtfs\x64\release\secuenciaparaderos.obj
c:\workspace\pragxis\transapp\gtfsprocessing\procesagtfs\procesagtfs\x64\release\redparadas.obj
c:\workspace\pragxis\transapp\gtfsprocessing\procesagtfs\procesagtfs\x64\release\procesaparadas.obj
c:\workspace\pragxis\transapp\gtfsprocessing\procesagtfs\procesagtfs\x64\release\paradero.obj
c:\workspace\pragxis\transapp\gtfsprocessing\procesagtfs\procesagtfs\x64\release\gridprocess.obj
c:\workspace\pragxis\transapp\gtfsprocessing\procesagtfs\procesagtfs\x64\release\grid.obj
c:\workspace\pragxis\transapp\gtfsprocessing\procesagtfs\x64\release\procesagtfs.pdb
c:\workspace\pragxis\transapp\gtfsprocessing\procesagtfs\x64\release\procesagtfs.exe
c:\workspace\pragxis\transapp\gtfsprocessing\procesagtfs\procesagtfs\x64\release\procesagtfs.tlog\cl.command.1.tlog
c:\workspace\pragxis\transapp\gtfsprocessing\procesagtfs\procesagtfs\x64\release\procesagtfs.tlog\cl.read.1.tlog
c:\workspace\pragxis\transapp\gtfsprocessing\procesagtfs\procesagtfs\x64\release\procesagtfs.tlog\cl.write.1.tlog
c:\workspace\pragxis\transapp\gtfsprocessing\procesagtfs\procesagtfs\x64\release\procesagtfs.tlog\link.command.1.tlog
c:\workspace\pragxis\transapp\gtfsprocessing\procesagtfs\procesagtfs\x64\release\procesagtfs.tlog\link.read.1.tlog
c:\workspace\pragxis\transapp\gtfsprocessing\procesagtfs\procesagtfs\x64\release\procesagtfs.tlog\link.write.1.tlog
